Arguments: 
  E:\NodeJS\node.exe C:\Users\Nguyen Doan Hung\AppData\Roaming\npm\node_modules\yarn\bin\yarn.js add pastport passport-jwt

PATH: 
  C:\Program Files\Common Files\Oracle\Java\javapath;C:\Windows\system32;C:\Windows;C:\Windows\System32\Wbem;C:\Windows\System32\WindowsPowerShell\v1.0\;C:\Windows\System32\OpenSSH\;C:\Program Files (x86)\NVIDIA Corporation\PhysX\Common;C:\Program Files\NVIDIA Corporation\NVIDIA NvDLISR;C:\WINDOWS\system32;C:\WINDOWS;C:\WINDOWS\System32\Wbem;C:\WINDOWS\System32\WindowsPowerShell\v1.0\;C:\WINDOWS\System32\OpenSSH\;C:\Program Files\Microsoft SQL Server\Client SDK\ODBC\170\Tools\Binn\;C:\Program Files (x86)\Microsoft SQL Server\150\Tools\Binn\;C:\Program Files\Microsoft SQL Server\150\Tools\Binn\;C:\Program Files\Microsoft SQL Server\150\DTS\Binn\;C:\Program Files (x86)\Microsoft SQL Server\150\DTS\Binn\;C:\Program Files\Azure Data Studio\bin;E:\Git\cmd;E:\NodeJS\;E:\xampp\php;C:\ProgramData\ComposerSetup\bin;C:\Program Files\dotnet\;C:\Users\Nguyen Doan Hung\AppData\Local\Programs\Python\Python310\Scripts\;C:\Users\Nguyen Doan Hung\AppData\Local\Programs\Python\Python310\;C:\Users\Nguyen Doan Hung\AppData\Local\Microsoft\WindowsApps;;C:\Program Files\Azure Data Studio\bin;E:\Microsoft VS Code\bin;C:\Users\Nguyen Doan Hung\AppData\Roaming\npm;C:\Users\Nguyen Doan Hung\AppData\Roaming\Composer\vendor\bin;C:\Users\Nguyen Doan Hung\.dotnet\tools;E:\Heroku\bin;D:\NodeJs\ASM\node_modules\.bin

Yarn version: 
  1.22.18

Node version: 
  16.14.0

Platform: 
  win32 x64

Trace: 
  Error: https://registry.yarnpkg.com/pastport: Not found
      at Request.params.callback [as _callback] (C:\Users\Nguyen Doan Hung\AppData\Roaming\npm\node_modules\yarn\lib\cli.js:66138:18)
      at Request.self.callback (C:\Users\Nguyen Doan Hung\AppData\Roaming\npm\node_modules\yarn\lib\cli.js:140883:22)
      at Request.emit (node:events:520:28)
      at Request.<anonymous> (C:\Users\Nguyen Doan Hung\AppData\Roaming\npm\node_modules\yarn\lib\cli.js:141855:10)
      at Request.emit (node:events:520:28)
      at IncomingMessage.<anonymous> (C:\Users\Nguyen Doan Hung\AppData\Roaming\npm\node_modules\yarn\lib\cli.js:141777:12)
      at Object.onceWrapper (node:events:639:28)
      at IncomingMessage.emit (node:events:532:35)
      at endReadableNT (node:internal/streams/readable:1346:12)
      at processTicksAndRejections (node:internal/process/task_queues:83:21)

npm manifest: 
  {
    "name": "asm",
    "version": "0.0.0",
    "private": true,
    "scripts": {
      "start": "node ./bin/www"
    },
    "dependencies": {
      "cookie-parser": "~1.4.4",
      "debug": "~2.6.9",
      "dotenv": "^16.0.0",
      "ejs": "~2.6.1",
      "express": "~4.16.1",
      "express-promise-router": "^4.1.1",
      "http-errors": "~1.6.3",
      "jsonwebtoken": "^8.5.1",
      "method-override": "^3.0.0",
      "mongoose": "^6.2.10",
      "morgan": "~1.9.1",
      "yarn": "^1.22.18"
    }
  }

yarn manifest: 
  No manifest

Lockfile: 
  # THIS IS AN AUTOGENERATED FILE. DO NOT EDIT THIS FILE DIRECTLY.
  # yarn lockfile v1
  
  
  "@types/node@*":
    "integrity" "sha512-UxDxWn7dl97rKVeVS61vErvw086aCYhDLyvRQZ5Rk65rZKepaFdm53GeqXaKBuOhED4e9uWq34IC3TdSdJJ2Gw=="
    "resolved" "https://registry.npmjs.org/@types/node/-/node-17.0.23.tgz"
    "version" "17.0.23"
  
  "@types/webidl-conversions@*":
    "integrity" "sha512-XAahCdThVuCFDQLT7R7Pk/vqeObFNL3YqRyFZg+AqAP/W1/w3xHaIxuW7WszQqTbIBOPRcItYJIou3i/mppu3Q=="
    "resolved" "https://registry.npmjs.org/@types/webidl-conversions/-/webidl-conversions-6.1.1.tgz"
    "version" "6.1.1"
  
  "@types/whatwg-url@^8.2.1":
    "integrity" "sha512-2YubE1sjj5ifxievI5Ge1sckb9k/Er66HyR2c+3+I6VDUUg1TLPdYYTEbQ+DjRkS4nTxMJhgWfSfMRD2sl2EYQ=="
    "resolved" "https://registry.npmjs.org/@types/whatwg-url/-/whatwg-url-8.2.1.tgz"
    "version" "8.2.1"
    dependencies:
      "@types/node" "*"
      "@types/webidl-conversions" "*"
  
  "accepts@~1.3.5":
    "integrity" "sha512-PYAthTa2m2VKxuvSD3DPC/Gy+U+sOA1LAuT8mkmRuvw+NACSaeXEQ+NHcVF7rONl6qcaxV3Uuemwawk+7+SJLw=="
    "resolved" "https://registry.npmjs.org/accepts/-/accepts-1.3.8.tgz"
    "version" "1.3.8"
    dependencies:
      "mime-types" "~2.1.34"
      "negotiator" "0.6.3"
  
  "array-flatten@1.1.1":
    "integrity" "sha1-ml9pkFGx5wczKPKgCJaLZOopVdI="
    "resolved" "https://registry.npmjs.org/array-flatten/-/array-flatten-1.1.1.tgz"
    "version" "1.1.1"
  
  "base64-js@^1.3.1":
    "integrity" "sha512-AKpaYlHn8t4SVbOHCy+b5+KKgvR4vrsD8vbvrbiQJps7fKDTkjkDry6ji0rUJjC0kzbNePLwzxq8iypo41qeWA=="
    "resolved" "https://registry.npmjs.org/base64-js/-/base64-js-1.5.1.tgz"
    "version" "1.5.1"
  
  "basic-auth@~2.0.0":
    "integrity" "sha512-NF+epuEdnUYVlGuhaxbbq+dvJttwLnGY+YixlXlME5KpQ5W3CnXA5cVTneY3SPbPDRkcjMbifrwmFYcClgOZeg=="
    "resolved" "https://registry.npmjs.org/basic-auth/-/basic-auth-2.0.1.tgz"
    "version" "2.0.1"
    dependencies:
      "safe-buffer" "5.1.2"
  
  "body-parser@1.18.3":
    "integrity" "sha1-WykhmP/dVTs6DyDe0FkrlWlVyLQ="
    "resolved" "https://registry.npmjs.org/body-parser/-/body-parser-1.18.3.tgz"
    "version" "1.18.3"
    dependencies:
      "bytes" "3.0.0"
      "content-type" "~1.0.4"
      "debug" "2.6.9"
      "depd" "~1.1.2"
      "http-errors" "~1.6.3"
      "iconv-lite" "0.4.23"
      "on-finished" "~2.3.0"
      "qs" "6.5.2"
      "raw-body" "2.3.3"
      "type-is" "~1.6.16"
  
  "bson@^4.2.2", "bson@^4.6.1":
    "integrity" "sha512-VeJKHShcu1b/ugl0QiujlVuBepab714X9nNyBdA1kfekuDGecxgpTA2Z6nYbagrWFeiIyzSWIOzju3lhj+RNyQ=="
    "resolved" "https://registry.npmjs.org/bson/-/bson-4.6.2.tgz"
    "version" "4.6.2"
    dependencies:
      "buffer" "^5.6.0"
  
  "buffer-equal-constant-time@1.0.1":
    "integrity" "sha1-+OcRMvf/5uAaXJaXpMbz5I1cyBk="
    "resolved" "https://registry.npmjs.org/buffer-equal-constant-time/-/buffer-equal-constant-time-1.0.1.tgz"
    "version" "1.0.1"
  
  "buffer@^5.6.0":
    "integrity" "sha512-EHcyIPBQ4BSGlvjB16k5KgAJ27CIsHY/2JBmCRReo48y9rQ3MaUzWX3KVlBa4U7MyX02HdVj0K7C3WaB3ju7FQ=="
    "resolved" "https://registry.npmjs.org/buffer/-/buffer-5.7.1.tgz"
    "version" "5.7.1"
    dependencies:
      "base64-js" "^1.3.1"
      "ieee754" "^1.1.13"
  
  "bytes@3.0.0":
    "integrity" "sha1-0ygVQE1olpn4Wk6k+odV3ROpYEg="
    "resolved" "https://registry.npmjs.org/bytes/-/bytes-3.0.0.tgz"
    "version" "3.0.0"
  
  "content-disposition@0.5.2":
    "integrity" "sha1-DPaLud318r55YcOoUXjLhdunjLQ="
    "resolved" "https://registry.npmjs.org/content-disposition/-/content-disposition-0.5.2.tgz"
    "version" "0.5.2"
  
  "content-type@~1.0.4":
    "integrity" "sha512-hIP3EEPs8tB9AT1L+NUqtwOAps4mk2Zob89MWXMHjHWg9milF/j4osnnQLXBCBFBk/tvIG/tUc9mOUJiPBhPXA=="
    "resolved" "https://registry.npmjs.org/content-type/-/content-type-1.0.4.tgz"
    "version" "1.0.4"
  
  "cookie-parser@~1.4.4":
    "integrity" "sha512-z3IzaNjdwUC2olLIB5/ITd0/setiaFMLYiZJle7xg5Fe9KWAceil7xszYfHHBtDFYLSgJduS2Ty0P1uJdPDJeA=="
    "resolved" "https://registry.npmjs.org/cookie-parser/-/cookie-parser-1.4.6.tgz"
    "version" "1.4.6"
    dependencies:
      "cookie" "0.4.1"
      "cookie-signature" "1.0.6"
  
  "cookie-signature@1.0.6":
    "integrity" "sha1-4wOogrNCzD7oylE6eZmXNNqzriw="
    "resolved" "https://registry.npmjs.org/cookie-signature/-/cookie-signature-1.0.6.tgz"
    "version" "1.0.6"
  
  "cookie@0.3.1":
    "integrity" "sha1-5+Ch+e9DtMi6klxcWpboBtFoc7s="
    "resolved" "https://registry.npmjs.org/cookie/-/cookie-0.3.1.tgz"
    "version" "0.3.1"
  
  "cookie@0.4.1":
    "integrity" "sha512-ZwrFkGJxUR3EIoXtO+yVE69Eb7KlixbaeAWfBQB9vVsNn/o+Yw69gBWSSDK825hQNdN+wF8zELf3dFNl/kxkUA=="
    "resolved" "https://registry.npmjs.org/cookie/-/cookie-0.4.1.tgz"
    "version" "0.4.1"
  
  "debug@~2.6.9", "debug@2.6.9":
    "integrity" "sha512-bC7ElrdJaJnPbAP+1EotYvqZsb3ecl5wi6Bfi6BJTUcNowp6cvspg0jXznRTKDjm/E7AdgFBVeAPVMNcKGsHMA=="
    "resolved" "https://registry.npmjs.org/debug/-/debug-2.6.9.tgz"
    "version" "2.6.9"
    dependencies:
      "ms" "2.0.0"
  
  "debug@3.1.0":
    "integrity" "sha512-OX8XqP7/1a9cqkxYw2yXss15f26NKWBpDXQd0/uK/KPqdQhxbPa994hnzjcE2VqQpDslf55723cKPUOGSmMY3g=="
    "resolved" "https://registry.npmjs.org/debug/-/debug-3.1.0.tgz"
    "version" "3.1.0"
    dependencies:
      "ms" "2.0.0"
  
  "debug@4.x":
    "integrity" "sha512-PRWFHuSU3eDtQJPvnNY7Jcket1j0t5OuOsFzPPzsekD52Zl8qUfFIPEiswXqIvHWGVHOgX+7G/vCNNhehwxfkQ=="
    "resolved" "https://registry.npmjs.org/debug/-/debug-4.3.4.tgz"
    "version" "4.3.4"
    dependencies:
      "ms" "2.1.2"
  
  "denque@^2.0.1":
    "integrity" "sha512-tfiWc6BQLXNLpNiR5iGd0Ocu3P3VpxfzFiqubLgMfhfOw9WyvgJBd46CClNn9k3qfbjvT//0cf7AlYRX/OslMQ=="
    "resolved" "https://registry.npmjs.org/denque/-/denque-2.0.1.tgz"
    "version" "2.0.1"
  
  "depd@~1.1.2":
    "integrity" "sha1-m81S4UwJd2PnSbJ0xDRu0uVgtak="
    "resolved" "https://registry.npmjs.org/depd/-/depd-1.1.2.tgz"
    "version" "1.1.2"
  
  "destroy@~1.0.4":
    "integrity" "sha1-l4hXRCxEdJ5CBmE+N5RiBYJqvYA="
    "resolved" "https://registry.npmjs.org/destroy/-/destroy-1.0.4.tgz"
    "version" "1.0.4"
  
  "dotenv@^16.0.0":
    "integrity" "sha512-qD9WU0MPM4SWLPJy/r2Be+2WgQj8plChsyrCNQzW/0WjvcJQiKQJ9mH3ZgB3fxbUUxgc/11ZJ0Fi5KiimWGz2Q=="
    "resolved" "https://registry.npmjs.org/dotenv/-/dotenv-16.0.0.tgz"
    "version" "16.0.0"
  
  "ecdsa-sig-formatter@1.0.11":
    "integrity" "sha512-nagl3RYrbNv6kQkeJIpt6NJZy8twLB/2vtz6yN9Z4vRKHN4/QZJIEbqohALSgwKdnksuY3k5Addp5lg8sVoVcQ=="
    "resolved" "https://registry.npmjs.org/ecdsa-sig-formatter/-/ecdsa-sig-formatter-1.0.11.tgz"
    "version" "1.0.11"
    dependencies:
      "safe-buffer" "^5.0.1"
  
  "ee-first@1.1.1":
    "integrity" "sha1-WQxhFWsK4vTwJVcyoViyZrxWsh0="
    "resolved" "https://registry.npmjs.org/ee-first/-/ee-first-1.1.1.tgz"
    "version" "1.1.1"
  
  "ejs@~2.6.1":
    "integrity" "sha512-PcW2a0tyTuPHz3tWyYqtK6r1fZ3gp+3Sop8Ph+ZYN81Ob5rwmbHEzaqs10N3BEsaGTkh/ooniXK+WwszGlc2+Q=="
    "resolved" "https://registry.npmjs.org/ejs/-/ejs-2.6.2.tgz"
    "version" "2.6.2"
  
  "encodeurl@~1.0.2":
    "integrity" "sha1-rT/0yG7C0CkyL1oCw6mmBslbP1k="
    "resolved" "https://registry.npmjs.org/encodeurl/-/encodeurl-1.0.2.tgz"
    "version" "1.0.2"
  
  "escape-html@~1.0.3":
    "integrity" "sha1-Aljq5NPQwJdN4cFpGI7wBR0dGYg="
    "resolved" "https://registry.npmjs.org/escape-html/-/escape-html-1.0.3.tgz"
    "version" "1.0.3"
  
  "etag@~1.8.1":
    "integrity" "sha1-Qa4u62XvpiJorr/qg6x9eSmbCIc="
    "resolved" "https://registry.npmjs.org/etag/-/etag-1.8.1.tgz"
    "version" "1.8.1"
  
  "express-promise-router@^4.1.1":
    "integrity" "sha512-Lkvcy/ZGrBhzkl3y7uYBHLMtLI4D6XQ2kiFg9dq7fbktBch5gjqJ0+KovX0cvCAvTJw92raWunRLM/OM+5l4fA=="
    "resolved" "https://registry.npmjs.org/express-promise-router/-/express-promise-router-4.1.1.tgz"
    "version" "4.1.1"
    dependencies:
      "is-promise" "^4.0.0"
      "lodash.flattendeep" "^4.0.0"
      "methods" "^1.0.0"
  
  "express@^4.0.0", "express@~4.16.1":
    "integrity" "sha512-j12Uuyb4FMrd/qQAm6uCHAkPtO8FDTRJZBDd5D2KOL2eLaz1yUNdUB/NOIyq0iU4q4cFarsUCrnFDPBcnksuOg=="
    "resolved" "https://registry.npmjs.org/express/-/express-4.16.4.tgz"
    "version" "4.16.4"
    dependencies:
      "accepts" "~1.3.5"
      "array-flatten" "1.1.1"
      "body-parser" "1.18.3"
      "content-disposition" "0.5.2"
      "content-type" "~1.0.4"
      "cookie" "0.3.1"
      "cookie-signature" "1.0.6"
      "debug" "2.6.9"
      "depd" "~1.1.2"
      "encodeurl" "~1.0.2"
      "escape-html" "~1.0.3"
      "etag" "~1.8.1"
      "finalhandler" "1.1.1"
      "fresh" "0.5.2"
      "merge-descriptors" "1.0.1"
      "methods" "~1.1.2"
      "on-finished" "~2.3.0"
      "parseurl" "~1.3.2"
      "path-to-regexp" "0.1.7"
      "proxy-addr" "~2.0.4"
      "qs" "6.5.2"
      "range-parser" "~1.2.0"
      "safe-buffer" "5.1.2"
      "send" "0.16.2"
      "serve-static" "1.13.2"
      "setprototypeof" "1.1.0"
      "statuses" "~1.4.0"
      "type-is" "~1.6.16"
      "utils-merge" "1.0.1"
      "vary" "~1.1.2"
  
  "finalhandler@1.1.1":
    "integrity" "sha512-Y1GUDo39ez4aHAw7MysnUD5JzYX+WaIj8I57kO3aEPT1fFRL4sr7mjei97FgnwhAyyzRYmQZaTHb2+9uZ1dPtg=="
    "resolved" "https://registry.npmjs.org/finalhandler/-/finalhandler-1.1.1.tgz"
    "version" "1.1.1"
    dependencies:
      "debug" "2.6.9"
      "encodeurl" "~1.0.2"
      "escape-html" "~1.0.3"
      "on-finished" "~2.3.0"
      "parseurl" "~1.3.2"
      "statuses" "~1.4.0"
      "unpipe" "~1.0.0"
  
  "forwarded@0.2.0":
    "integrity" "sha512-buRG0fpBtRHSTCOASe6hD258tEubFoRLb4ZNA6NxMVHNw2gOcwHo9wyablzMzOA5z9xA9L1KNjk/Nt6MT9aYow=="
    "resolved" "https://registry.npmjs.org/forwarded/-/forwarded-0.2.0.tgz"
    "version" "0.2.0"
  
  "fresh@0.5.2":
    "integrity" "sha1-PYyt2Q2XZWn6g1qx+OSyOhBWBac="
    "resolved" "https://registry.npmjs.org/fresh/-/fresh-0.5.2.tgz"
    "version" "0.5.2"
  
  "http-errors@~1.6.2", "http-errors@~1.6.3", "http-errors@1.6.3":
    "integrity" "sha1-i1VoC7S+KDoLW/TqLjhYC+HZMg0="
    "resolved" "https://registry.npmjs.org/http-errors/-/http-errors-1.6.3.tgz"
    "version" "1.6.3"
    dependencies:
      "depd" "~1.1.2"
      "inherits" "2.0.3"
      "setprototypeof" "1.1.0"
      "statuses" ">= 1.4.0 < 2"
  
  "iconv-lite@0.4.23":
    "integrity" "sha512-neyTUVFtahjf0mB3dZT77u+8O0QB89jFdnBkd5P1JgYPbPaia3gXXOVL2fq8VyU2gMMD7SaN7QukTB/pmXYvDA=="
    "resolved" "https://registry.npmjs.org/iconv-lite/-/iconv-lite-0.4.23.tgz"
    "version" "0.4.23"
    dependencies:
      "safer-buffer" ">= 2.1.2 < 3"
  
  "ieee754@^1.1.13":
    "integrity" "sha512-dcyqhDvX1C46lXZcVqCpK+FtMRQVdIMN6/Df5js2zouUsqG7I6sFxitIC+7KYK29KdXOLHdu9zL4sFnoVQnqaA=="
    "resolved" "https://registry.npmjs.org/ieee754/-/ieee754-1.2.1.tgz"
    "version" "1.2.1"
  
  "inherits@2.0.3":
    "integrity" "sha1-Yzwsg+PaQqUC9SRmAiSA9CCCYd4="
    "resolved" "https://registry.npmjs.org/inherits/-/inherits-2.0.3.tgz"
    "version" "2.0.3"
  
  "ip@^1.1.5":
    "integrity" "sha1-vd7XARQpCCjAoDnnLvJfWq7ENUo="
    "resolved" "https://registry.npmjs.org/ip/-/ip-1.1.5.tgz"
    "version" "1.1.5"
  
  "ipaddr.js@1.9.1":
    "integrity" "sha512-0KI/607xoxSToH7GjN1FfSbLoU0+btTicjsQSWQlh/hZykN8KpmMf7uYwPW3R+akZ6R/w18ZlXSHBYXiYUPO3g=="
    "resolved" "https://registry.npmjs.org/ipaddr.js/-/ipaddr.js-1.9.1.tgz"
    "version" "1.9.1"
  
  "is-promise@^4.0.0":
    "integrity" "sha512-hvpoI6korhJMnej285dSg6nu1+e6uxs7zG3BYAm5byqDsgJNWwxzM6z6iZiAgQR4TJ30JmBTOwqZUw3WlyH3AQ=="
    "resolved" "https://registry.npmjs.org/is-promise/-/is-promise-4.0.0.tgz"
    "version" "4.0.0"
  
  "jsonwebtoken@^8.5.1":
    "integrity" "sha512-XjwVfRS6jTMsqYs0EsuJ4LGxXV14zQybNd4L2r0UvbVnSF9Af8x7p5MzbJ90Ioz/9TI41/hTCvznF/loiSzn8w=="
    "resolved" "https://registry.npmjs.org/jsonwebtoken/-/jsonwebtoken-8.5.1.tgz"
    "version" "8.5.1"
    dependencies:
      "jws" "^3.2.2"
      "lodash.includes" "^4.3.0"
      "lodash.isboolean" "^3.0.3"
      "lodash.isinteger" "^4.0.4"
      "lodash.isnumber" "^3.0.3"
      "lodash.isplainobject" "^4.0.6"
      "lodash.isstring" "^4.0.1"
      "lodash.once" "^4.0.0"
      "ms" "^2.1.1"
      "semver" "^5.6.0"
  
  "jwa@^1.4.1":
    "integrity" "sha512-qiLX/xhEEFKUAJ6FiBMbes3w9ATzyk5W7Hvzpa/SLYdxNtng+gcurvrI7TbACjIXlsJyr05/S1oUhZrc63evQA=="
    "resolved" "https://registry.npmjs.org/jwa/-/jwa-1.4.1.tgz"
    "version" "1.4.1"
    dependencies:
      "buffer-equal-constant-time" "1.0.1"
      "ecdsa-sig-formatter" "1.0.11"
      "safe-buffer" "^5.0.1"
  
  "jws@^3.2.2":
    "integrity" "sha512-YHlZCB6lMTllWDtSPHz/ZXTsi8S00usEV6v1tjq8tOUZzw7DpSDWVXjXDre6ed1w/pd495ODpHZYSdkRTsa0HA=="
    "resolved" "https://registry.npmjs.org/jws/-/jws-3.2.2.tgz"
    "version" "3.2.2"
    dependencies:
      "jwa" "^1.4.1"
      "safe-buffer" "^5.0.1"
  
  "kareem@2.3.5":
    "integrity" "sha512-qxCyQtp3ioawkiRNQr/v8xw9KIviMSSNmy+63Wubj7KmMn3g7noRXIZB4vPCAP+ETi2SR8eH6CvmlKZuGpoHOg=="
    "resolved" "https://registry.npmjs.org/kareem/-/kareem-2.3.5.tgz"
    "version" "2.3.5"
  
  "lodash.flattendeep@^4.0.0":
    "integrity" "sha1-+wMJF/hqMTTlvJvsDWngAT3f7bI="
    "resolved" "https://registry.npmjs.org/lodash.flattendeep/-/lodash.flattendeep-4.4.0.tgz"
    "version" "4.4.0"
  
  "lodash.includes@^4.3.0":
    "integrity" "sha1-YLuYqHy5I8aMoeUTJUgzFISfVT8="
    "resolved" "https://registry.npmjs.org/lodash.includes/-/lodash.includes-4.3.0.tgz"
    "version" "4.3.0"
  
  "lodash.isboolean@^3.0.3":
    "integrity" "sha1-bC4XHbKiV82WgC/UOwGyDV9YcPY="
    "resolved" "https://registry.npmjs.org/lodash.isboolean/-/lodash.isboolean-3.0.3.tgz"
    "version" "3.0.3"
  
  "lodash.isinteger@^4.0.4":
    "integrity" "sha1-YZwK89A/iwTDH1iChAt3sRzWg0M="
    "resolved" "https://registry.npmjs.org/lodash.isinteger/-/lodash.isinteger-4.0.4.tgz"
    "version" "4.0.4"
  
  "lodash.isnumber@^3.0.3":
    "integrity" "sha1-POdoEMWSjQM1IwGsKHMX8RwLH/w="
    "resolved" "https://registry.npmjs.org/lodash.isnumber/-/lodash.isnumber-3.0.3.tgz"
    "version" "3.0.3"
  
  "lodash.isplainobject@^4.0.6":
    "integrity" "sha1-fFJqUtibRcRcxpC4gWO+BJf1UMs="
    "resolved" "https://registry.npmjs.org/lodash.isplainobject/-/lodash.isplainobject-4.0.6.tgz"
    "version" "4.0.6"
  
  "lodash.isstring@^4.0.1":
    "integrity" "sha1-1SfftUVuynzJu5XV2ur4i6VKVFE="
    "resolved" "https://registry.npmjs.org/lodash.isstring/-/lodash.isstring-4.0.1.tgz"
    "version" "4.0.1"
  
  "lodash.once@^4.0.0":
    "integrity" "sha1-DdOXEhPHxW34gJd9UEyI+0cal6w="
    "resolved" "https://registry.npmjs.org/lodash.once/-/lodash.once-4.1.1.tgz"
    "version" "4.1.1"
  
  "media-typer@0.3.0":
    "integrity" "sha1-hxDXrwqmJvj/+hzgAWhUUmMlV0g="
    "resolved" "https://registry.npmjs.org/media-typer/-/media-typer-0.3.0.tgz"
    "version" "0.3.0"
  
  "memory-pager@^1.0.2":
    "integrity" "sha512-ZS4Bp4r/Zoeq6+NLJpP+0Zzm0pR8whtGPf1XExKLJBAczGMnSi3It14OiNCStjQjM6NU1okjQGSxgEZN8eBYKg=="
    "resolved" "https://registry.npmjs.org/memory-pager/-/memory-pager-1.5.0.tgz"
    "version" "1.5.0"
  
  "merge-descriptors@1.0.1":
    "integrity" "sha1-sAqqVW3YtEVoFQ7J0blT8/kMu2E="
    "resolved" "https://registry.npmjs.org/merge-descriptors/-/merge-descriptors-1.0.1.tgz"
    "version" "1.0.1"
  
  "method-override@^3.0.0":
    "integrity" "sha512-IJ2NNN/mSl9w3kzWB92rcdHpz+HjkxhDJWNDBqSlas+zQdP8wBiJzITPg08M/k2uVvMow7Sk41atndNtt/PHSA=="
    "resolved" "https://registry.npmjs.org/method-override/-/method-override-3.0.0.tgz"
    "version" "3.0.0"
    dependencies:
      "debug" "3.1.0"
      "methods" "~1.1.2"
      "parseurl" "~1.3.2"
      "vary" "~1.1.2"
  
  "methods@^1.0.0", "methods@~1.1.2":
    "integrity" "sha1-VSmk1nZUE07cxSZmVoNbD4Ua/O4="
    "resolved" "https://registry.npmjs.org/methods/-/methods-1.1.2.tgz"
    "version" "1.1.2"
  
  "mime-db@1.52.0":
    "integrity" "sha512-sPU4uV7dYlvtWJxwwxHD0PuihVNiE7TyAbQ5SWxDCB9mUYvOgroQOwYQQOKPJ8CIbE+1ETVlOoK1UC2nU3gYvg=="
    "resolved" "https://registry.npmjs.org/mime-db/-/mime-db-1.52.0.tgz"
    "version" "1.52.0"
  
  "mime-types@~2.1.24", "mime-types@~2.1.34":
    "integrity" "sha512-ZDY+bPm5zTTF+YpCrAU9nK0UgICYPT0QtT1NZWFv4s++TNkcgVaT0g6+4R2uI4MjQjzysHB1zxuWL50hzaeXiw=="
    "resolved" "https://registry.npmjs.org/mime-types/-/mime-types-2.1.35.tgz"
    "version" "2.1.35"
    dependencies:
      "mime-db" "1.52.0"
  
  "mime@1.4.1":
    "integrity" "sha512-KI1+qOZu5DcW6wayYHSzR/tXKCDC5Om4s1z2QJjDULzLcmf3DvzS7oluY4HCTrc+9FiKmWUgeNLg7W3uIQvxtQ=="
    "resolved" "https://registry.npmjs.org/mime/-/mime-1.4.1.tgz"
    "version" "1.4.1"
  
  "mongodb-connection-string-url@^2.4.1":
    "integrity" "sha512-tWDyIG8cQlI5k3skB6ywaEA5F9f5OntrKKsT/Lteub2zgwSUlhqEN2inGgBTm8bpYJf8QYBdA/5naz65XDpczA=="
    "resolved" "https://registry.npmjs.org/mongodb-connection-string-url/-/mongodb-connection-string-url-2.5.2.tgz"
    "version" "2.5.2"
    dependencies:
      "@types/whatwg-url" "^8.2.1"
      "whatwg-url" "^11.0.0"
  
  "mongodb@4.3.1":
    "integrity" "sha512-sNa8APSIk+r4x31ZwctKjuPSaeKuvUeNb/fu/3B6dRM02HpEgig7hTHM8A/PJQTlxuC/KFWlDlQjhsk/S43tBg=="
    "resolved" "https://registry.npmjs.org/mongodb/-/mongodb-4.3.1.tgz"
    "version" "4.3.1"
    dependencies:
      "bson" "^4.6.1"
      "denque" "^2.0.1"
      "mongodb-connection-string-url" "^2.4.1"
      "socks" "^2.6.1"
    optionalDependencies:
      "saslprep" "^1.0.3"
  
  "mongoose@^6.2.10":
    "integrity" "sha512-Yp+6UH5M0AlxAVGdC2/Deq0St+2qW73oKCnhJDr83bOZ12eflTLTT5uQF0p6KzvtFj86XWbq/7ApvO4yW6h1sA=="
    "resolved" "https://registry.npmjs.org/mongoose/-/mongoose-6.2.10.tgz"
    "version" "6.2.10"
    dependencies:
      "bson" "^4.2.2"
      "kareem" "2.3.5"
      "mongodb" "4.3.1"
      "mpath" "0.8.4"
      "mquery" "4.0.2"
      "ms" "2.1.3"
      "sift" "16.0.0"
  
  "morgan@~1.9.1":
    "integrity" "sha512-HQStPIV4y3afTiCYVxirakhlCfGkI161c76kKFca7Fk1JusM//Qeo1ej2XaMniiNeaZklMVrh3vTtIzpzwbpmA=="
    "resolved" "https://registry.npmjs.org/morgan/-/morgan-1.9.1.tgz"
    "version" "1.9.1"
    dependencies:
      "basic-auth" "~2.0.0"
      "debug" "2.6.9"
      "depd" "~1.1.2"
      "on-finished" "~2.3.0"
      "on-headers" "~1.0.1"
  
  "mpath@0.8.4":
    "integrity" "sha512-DTxNZomBcTWlrMW76jy1wvV37X/cNNxPW1y2Jzd4DZkAaC5ZGsm8bfGfNOthcDuRJujXLqiuS6o3Tpy0JEoh7g=="
    "resolved" "https://registry.npmjs.org/mpath/-/mpath-0.8.4.tgz"
    "version" "0.8.4"
  
  "mquery@4.0.2":
    "integrity" "sha512-oAVF0Nil1mT3rxty6Zln4YiD6x6QsUWYz927jZzjMxOK2aqmhEz5JQ7xmrKK7xRFA2dwV+YaOpKU/S+vfNqKxA=="
    "resolved" "https://registry.npmjs.org/mquery/-/mquery-4.0.2.tgz"
    "version" "4.0.2"
    dependencies:
      "debug" "4.x"
  
  "ms@^2.1.1":
    "integrity" "sha512-6FlzubTLZG3J2a/NVCAleEhjzq5oxgHyaCU9yYXvcLsvoVaHJq/s5xXI6/XXP6tz7R9xAOtHnSO/tXtF3WRTlA=="
    "resolved" "https://registry.npmjs.org/ms/-/ms-2.1.3.tgz"
    "version" "2.1.3"
  
  "ms@2.0.0":
    "integrity" "sha1-VgiurfwAvmwpAd9fmGF4jeDVl8g="
    "resolved" "https://registry.npmjs.org/ms/-/ms-2.0.0.tgz"
    "version" "2.0.0"
  
  "ms@2.1.2":
    "integrity" "sha512-sGkPx+VjMtmA6MX27oA4FBFELFCZZ4S4XqeGOXCv68tT+jb3vk/RyaKWP0PTKyWtmLSM0b+adUTEvbs1PEaH2w=="
    "resolved" "https://registry.npmjs.org/ms/-/ms-2.1.2.tgz"
    "version" "2.1.2"
  
  "ms@2.1.3":
    "integrity" "sha512-6FlzubTLZG3J2a/NVCAleEhjzq5oxgHyaCU9yYXvcLsvoVaHJq/s5xXI6/XXP6tz7R9xAOtHnSO/tXtF3WRTlA=="
    "resolved" "https://registry.npmjs.org/ms/-/ms-2.1.3.tgz"
    "version" "2.1.3"
  
  "negotiator@0.6.3":
    "integrity" "sha512-+EUsqGPLsM+j/zdChZjsnX51g4XrHFOIXwfnCVPGlQk/k5giakcKsuxCObBRu6DSm9opw/O6slWbJdghQM4bBg=="
    "resolved" "https://registry.npmjs.org/negotiator/-/negotiator-0.6.3.tgz"
    "version" "0.6.3"
  
  "on-finished@~2.3.0":
    "integrity" "sha1-IPEzZIGwg811M3mSoWlxqi2QaUc="
    "resolved" "https://registry.npmjs.org/on-finished/-/on-finished-2.3.0.tgz"
    "version" "2.3.0"
    dependencies:
      "ee-first" "1.1.1"
  
  "on-headers@~1.0.1":
    "integrity" "sha512-pZAE+FJLoyITytdqK0U5s+FIpjN0JP3OzFi/u8Rx+EV5/W+JTWGXG8xFzevE7AjBfDqHv/8vL8qQsIhHnqRkrA=="
    "resolved" "https://registry.npmjs.org/on-headers/-/on-headers-1.0.2.tgz"
    "version" "1.0.2"
  
  "parseurl@~1.3.2":
    "integrity" "sha512-CiyeOxFT/JZyN5m0z9PfXw4SCBJ6Sygz1Dpl0wqjlhDEGGBP1GnsUVEL0p63hoG1fcj3fHynXi9NYO4nWOL+qQ=="
    "resolved" "https://registry.npmjs.org/parseurl/-/parseurl-1.3.3.tgz"
    "version" "1.3.3"
  
  "path-to-regexp@0.1.7":
    "integrity" "sha1-32BBeABfUi8V60SQ5yR6G/qmf4w="
    "resolved" "https://registry.npmjs.org/path-to-regexp/-/path-to-regexp-0.1.7.tgz"
    "version" "0.1.7"
  
  "proxy-addr@~2.0.4":
    "integrity" "sha512-llQsMLSUDUPT44jdrU/O37qlnifitDP+ZwrmmZcoSKyLKvtZxpyV0n2/bD/N4tBAAZ/gJEdZU7KMraoK1+XYAg=="
    "resolved" "https://registry.npmjs.org/proxy-addr/-/proxy-addr-2.0.7.tgz"
    "version" "2.0.7"
    dependencies:
      "forwarded" "0.2.0"
      "ipaddr.js" "1.9.1"
  
  "punycode@^2.1.1":
    "integrity" "sha512-XRsRjdf+j5ml+y/6GKHPZbrF/8p2Yga0JPtdqTIY2Xe5ohJPD9saDJJLPvp9+NSBprVvevdXZybnj2cv8OEd0A=="
    "resolved" "https://registry.npmjs.org/punycode/-/punycode-2.1.1.tgz"
    "version" "2.1.1"
  
  "qs@6.5.2":
    "integrity" "sha512-N5ZAX4/LxJmF+7wN74pUD6qAh9/wnvdQcjq9TZjevvXzSUo7bfmw91saqMjzGS2xq91/odN2dW/WOl7qQHNDGA=="
    "resolved" "https://registry.npmjs.org/qs/-/qs-6.5.2.tgz"
    "version" "6.5.2"
  
  "range-parser@~1.2.0":
    "integrity" "sha512-Hrgsx+orqoygnmhFbKaHE6c296J+HTAQXoxEF6gNupROmmGJRoyzfG3ccAveqCBrwr/2yxQ5BVd/GTl5agOwSg=="
    "resolved" "https://registry.npmjs.org/range-parser/-/range-parser-1.2.1.tgz"
    "version" "1.2.1"
  
  "raw-body@2.3.3":
    "integrity" "sha512-9esiElv1BrZoI3rCDuOuKCBRbuApGGaDPQfjSflGxdy4oyzqghxu6klEkkVIvBje+FF0BX9coEv8KqW6X/7njw=="
    "resolved" "https://registry.npmjs.org/raw-body/-/raw-body-2.3.3.tgz"
    "version" "2.3.3"
    dependencies:
      "bytes" "3.0.0"
      "http-errors" "1.6.3"
      "iconv-lite" "0.4.23"
      "unpipe" "1.0.0"
  
  "safe-buffer@^5.0.1", "safe-buffer@5.1.2":
    "integrity" "sha512-Gd2UZBJDkXlY7GbJxfsE8/nvKkUEU1G38c1siN6QP6a9PT9MmHB8GnpscSmMJSoF8LOIrt8ud/wPtojys4G6+g=="
    "resolved" "https://registry.npmjs.org/safe-buffer/-/safe-buffer-5.1.2.tgz"
    "version" "5.1.2"
  
  "safer-buffer@>= 2.1.2 < 3":
    "integrity" "sha512-YZo3K82SD7Riyi0E1EQPojLz7kpepnSQI9IyPbHHg1XXXevb5dJI7tpyN2ADxGcQbHG7vcyRHk0cbwqcQriUtg=="
    "resolved" "https://registry.npmjs.org/safer-buffer/-/safer-buffer-2.1.2.tgz"
    "version" "2.1.2"
  
  "saslprep@^1.0.3":
    "integrity" "sha512-/MY/PEMbk2SuY5sScONwhUDsV2p77Znkb/q3nSVstq/yQzYJOH/Azh29p9oJLsl3LnQwSvZDKagDGBsBwSooag=="
    "resolved" "https://registry.npmjs.org/saslprep/-/saslprep-1.0.3.tgz"
    "version" "1.0.3"
    dependencies:
      "sparse-bitfield" "^3.0.3"
  
  "semver@^5.6.0":
    "integrity" "sha512-sauaDf/PZdVgrLTNYHRtpXa1iRiKcaebiKQ1BJdpQlWH2lCvexQdX55snPFyK7QzpudqbCI0qXFfOasHdyNDGQ=="
    "resolved" "https://registry.npmjs.org/semver/-/semver-5.7.1.tgz"
    "version" "5.7.1"
  
  "send@0.16.2":
    "integrity" "sha512-E64YFPUssFHEFBvpbbjr44NCLtI1AohxQ8ZSiJjQLskAdKuriYEP6VyGEsRDH8ScozGpkaX1BGvhanqCwkcEZw=="
    "resolved" "https://registry.npmjs.org/send/-/send-0.16.2.tgz"
    "version" "0.16.2"
    dependencies:
      "debug" "2.6.9"
      "depd" "~1.1.2"
      "destroy" "~1.0.4"
      "encodeurl" "~1.0.2"
      "escape-html" "~1.0.3"
      "etag" "~1.8.1"
      "fresh" "0.5.2"
      "http-errors" "~1.6.2"
      "mime" "1.4.1"
      "ms" "2.0.0"
      "on-finished" "~2.3.0"
      "range-parser" "~1.2.0"
      "statuses" "~1.4.0"
  
  "serve-static@1.13.2":
    "integrity" "sha512-p/tdJrO4U387R9oMjb1oj7qSMaMfmOyd4j9hOFoxZe2baQszgHcSWjuya/CiT5kgZZKRudHNOA0pYXOl8rQ5nw=="
    "resolved" "https://registry.npmjs.org/serve-static/-/serve-static-1.13.2.tgz"
    "version" "1.13.2"
    dependencies:
      "encodeurl" "~1.0.2"
      "escape-html" "~1.0.3"
      "parseurl" "~1.3.2"
      "send" "0.16.2"
  
  "setprototypeof@1.1.0":
    "integrity" "sha512-BvE/TwpZX4FXExxOxZyRGQQv651MSwmWKZGqvmPcRIjDqWub67kTKuIMx43cZZrS/cBBzwBcNDWoFxt2XEFIpQ=="
    "resolved" "https://registry.npmjs.org/setprototypeof/-/setprototypeof-1.1.0.tgz"
    "version" "1.1.0"
  
  "sift@16.0.0":
    "integrity" "sha512-ILTjdP2Mv9V1kIxWMXeMTIRbOBrqKc4JAXmFMnFq3fKeyQ2Qwa3Dw1ubcye3vR+Y6ofA0b9gNDr/y2t6eUeIzQ=="
    "resolved" "https://registry.npmjs.org/sift/-/sift-16.0.0.tgz"
    "version" "16.0.0"
  
  "smart-buffer@^4.2.0":
    "integrity" "sha512-94hK0Hh8rPqQl2xXc3HsaBoOXKV20MToPkcXvwbISWLEs+64sBq5kFgn2kJDHb1Pry9yrP0dxrCI9RRci7RXKg=="
    "resolved" "https://registry.npmjs.org/smart-buffer/-/smart-buffer-4.2.0.tgz"
    "version" "4.2.0"
  
  "socks@^2.6.1":
    "integrity" "sha512-zDZhHhZRY9PxRruRMR7kMhnf3I8hDs4S3f9RecfnGxvcBHQcKcIH/oUcEWffsfl1XxdYlA7nnlGbbTvPz9D8gA=="
    "resolved" "https://registry.npmjs.org/socks/-/socks-2.6.2.tgz"
    "version" "2.6.2"
    dependencies:
      "ip" "^1.1.5"
      "smart-buffer" "^4.2.0"
  
  "sparse-bitfield@^3.0.3":
    "integrity" "sha1-/0rm5oZWBWuks+eSqzM004JzyhE="
    "resolved" "https://registry.npmjs.org/sparse-bitfield/-/sparse-bitfield-3.0.3.tgz"
    "version" "3.0.3"
    dependencies:
      "memory-pager" "^1.0.2"
  
  "statuses@>= 1.4.0 < 2", "statuses@~1.4.0":
    "integrity" "sha512-zhSCtt8v2NDrRlPQpCNtw/heZLtfUDqxBM1udqikb/Hbk52LK4nQSwr10u77iopCW5LsyHpuXS0GnEc48mLeew=="
    "resolved" "https://registry.npmjs.org/statuses/-/statuses-1.4.0.tgz"
    "version" "1.4.0"
  
  "tr46@^3.0.0":
    "integrity" "sha512-l7FvfAHlcmulp8kr+flpQZmVwtu7nfRV7NZujtN0OqES8EL4O4e0qqzL0DC5gAvx/ZC/9lk6rhcUwYvkBnBnYA=="
    "resolved" "https://registry.npmjs.org/tr46/-/tr46-3.0.0.tgz"
    "version" "3.0.0"
    dependencies:
      "punycode" "^2.1.1"
  
  "type-is@~1.6.16":
    "integrity" "sha512-TkRKr9sUTxEH8MdfuCSP7VizJyzRNMjj2J2do2Jr3Kym598JVdEksuzPQCnlFPW4ky9Q+iA+ma9BGm06XQBy8g=="
    "resolved" "https://registry.npmjs.org/type-is/-/type-is-1.6.18.tgz"
    "version" "1.6.18"
    dependencies:
      "media-typer" "0.3.0"
      "mime-types" "~2.1.24"
  
  "unpipe@~1.0.0", "unpipe@1.0.0":
    "integrity" "sha1-sr9O6FFKrmFltIF4KdIbLvSZBOw="
    "resolved" "https://registry.npmjs.org/unpipe/-/unpipe-1.0.0.tgz"
    "version" "1.0.0"
  
  "utils-merge@1.0.1":
    "integrity" "sha1-n5VxD1CiZ5R7LMwSR0HBAoQn5xM="
    "resolved" "https://registry.npmjs.org/utils-merge/-/utils-merge-1.0.1.tgz"
    "version" "1.0.1"
  
  "vary@~1.1.2":
    "integrity" "sha1-IpnwLG3tMNSllhsLn3RSShj2NPw="
    "resolved" "https://registry.npmjs.org/vary/-/vary-1.1.2.tgz"
    "version" "1.1.2"
  
  "webidl-conversions@^7.0.0":
    "integrity" "sha512-VwddBukDzu71offAQR975unBIGqfKZpM+8ZX6ySk8nYhVoo5CYaZyzt3YBvYtRtO+aoGlqxPg/B87NGVZ/fu6g=="
    "resolved" "https://registry.npmjs.org/webidl-conversions/-/webidl-conversions-7.0.0.tgz"
    "version" "7.0.0"
  
  "whatwg-url@^11.0.0":
    "integrity" "sha512-RKT8HExMpoYx4igMiVMY83lN6UeITKJlBQ+vR/8ZJ8OCdSiN3RwCq+9gH0+Xzj0+5IrM6i4j/6LuvzbZIQgEcQ=="
    "resolved" "https://registry.npmjs.org/whatwg-url/-/whatwg-url-11.0.0.tgz"
    "version" "11.0.0"
    dependencies:
      "tr46" "^3.0.0"
      "webidl-conversions" "^7.0.0"
  
  "yarn@^1.22.18":
    "integrity" "sha512-oFffv6Jp2+BTUBItzx1Z0dpikTX+raRdqupfqzeMKnoh7WD6RuPAxcqDkMUy9vafJkrB0YaV708znpuMhEBKGQ=="
    "resolved" "https://registry.npmjs.org/yarn/-/yarn-1.22.18.tgz"
    "version" "1.22.18"
